
Showing logs for build [32mdevopsonazure-vote-jx-master-re-5zldc-2[0m stage [32mfrom-build-pack[0m and container [32mstep-credential-initializer-b4r6l[0m
{"level":"info","ts":1594097614.2863445,"logger":"fallback-logger","caller":"logging/config.go:69","msg":"Fetch GitHub commit ID from kodata failed: open /var/run/ko/refs/heads/0.8.0-ns-support: no such file or directory"}
{"level":"info","ts":1594097614.286697,"logger":"fallback-logger","caller":"creds-init/main.go:40","msg":"Credentials initialized."}

Showing logs for build [32mdevopsonazure-vote-jx-master-re-5zldc-2[0m stage [32mfrom-build-pack[0m and container [32mstep-working-dir-initializer-p687z[0m
{"level":"info","ts":1594097615.1299005,"logger":"fallback-logger","caller":"logging/config.go:69","msg":"Fetch GitHub commit ID from kodata failed: open /var/run/ko/HEAD: no such file or directory"}
{"level":"info","ts":1594097615.131473,"logger":"fallback-logger","caller":"bash/main.go:64","msg":"Successfully executed command \"sh -c mkdir -p /workspace/source\"; output "}

Showing logs for build [32mdevopsonazure-vote-jx-master-re-5zldc-2[0m stage [32mfrom-build-pack[0m and container [32mstep-place-tools[0m

Showing logs for build [32mdevopsonazure-vote-jx-master-re-5zldc-2[0m stage [32mfrom-build-pack[0m and container [32mstep-git-source-devopsonazure-vote-jx-master-re-5zldc-s99fq[0m
{"level":"info","ts":1594097623.1692872,"logger":"fallback-logger","caller":"logging/config.go:69","msg":"Fetch GitHub commit ID from kodata failed: open /var/run/ko/refs/heads/0.8.0-ns-support: no such file or directory"}
{"level":"info","ts":1594097625.6171079,"logger":"fallback-logger","caller":"git/git.go:103","msg":"Successfully cloned https://github.com/devopsonazure/vote-**.git @ v0.0.3 in path /workspace/source"}

Showing logs for build [32mdevopsonazure-vote-jx-master-re-5zldc-2[0m stage [32mfrom-build-pack[0m and container [32mstep-setup-builder-home[0m

Showing logs for build [32mdevopsonazure-vote-jx-master-re-5zldc-2[0m stage [32mfrom-build-pack[0m and container [32mstep-git-merge[0m
Using SHAs from PULL_REFS=master:a1db2a67d5c7ae6aeac59cd8f25e1458a4678d0a
WARNING: no SHAs to merge, falling back to initial cloned commit

Showing logs for build [32mdevopsonazure-vote-jx-master-re-5zldc-2[0m stage [32mfrom-build-pack[0m and container [32mstep-setup-jx-git-credentials[0m
Generated Git credentials file /workspace/xdg_config/git/credentials

Showing logs for build [32mdevopsonazure-vote-jx-master-re-5zldc-2[0m stage [32mfrom-build-pack[0m and container [32mstep-build-python-unittest[0m

----------------------------------------------------------------------
Ran 0 tests in 0.000s

OK

Showing logs for build [32mdevopsonazure-vote-jx-master-re-5zldc-2[0m stage [32mfrom-build-pack[0m and container [32mstep-build-container-build[0m
E0707 04:53:48.148358       9 aws_credentials.go:77] while getting AWS credentials NoCredentialProviders: no valid providers in chain. Deprecated.
	For verbose messaging see aws.Config.CredentialsChainVerboseErrors
[36mINFO[0m[0000] Using dockerignore file: /workspace/source/.dockerignore 
[36mINFO[0m[0000] Retrieving image manifest tiangolo/uwsgi-nginx-flask:python3.6 
[36mINFO[0m[0003] Retrieving image manifest tiangolo/uwsgi-nginx-flask:python3.6 
[36mINFO[0m[0005] Built cross stage deps: map[]                
[36mINFO[0m[0005] Retrieving image manifest tiangolo/uwsgi-nginx-flask:python3.6 
[36mINFO[0m[0007] Retrieving image manifest tiangolo/uwsgi-nginx-flask:python3.6 
[36mINFO[0m[0009] Executing 0 build triggers                   
[36mINFO[0m[0009] Checking for cached layer aks**.azurecr.io/todo/cache:915585a6a5471f0329a7d672650b4a808925b4190c4b67377f8b10fff137bfc8... 
[36mINFO[0m[0010] Using caching version of cmd: RUN pip install redis 
[36mINFO[0m[0010] Using files from context: [/workspace/source/azure-vote] 
[36mINFO[0m[0010] Unpacking rootfs as cmd ADD /azure-vote /app requires it. 
[36mINFO[0m[0039] RUN pip install redis                        
[36mINFO[0m[0039] Found cached layer, extracting to filesystem 
[36mINFO[0m[0039] Using files from context: [/workspace/source/azure-vote] 
[36mINFO[0m[0043] ADD /azure-vote /app                         
[36mINFO[0m[0043] Resolving 7 paths                            
[36mINFO[0m[0043] Taking snapshot of files...                  

Showing logs for build [32mdevopsonazure-vote-jx-master-re-5zldc-2[0m stage [32mfrom-build-pack[0m and container [32mstep-build-post-build[0m
no CVE provider running in the current ** namespace so skip adding image to be analysed

Showing logs for build [32mdevopsonazure-vote-jx-master-re-5zldc-2[0m stage [32mfrom-build-pack[0m and container [32mstep-promote-changelog[0m
Converted /workspace/source/charts/vote-** to an unshallow repository
Generating change log from git ref 94a37268e6b24c62737cc1e293497d38843692db => f74797ddfc71941de61cc636be37c998d2ddf96a
WARNING: Failed to enrich commit a1db2a67d5c7ae6aeac59cd8f25e1458a4678d0a with issues: users.jenkins.io "x-0" already exists
WARNING: Failed to enrich commit a1db2a67d5c7ae6aeac59cd8f25e1458a4678d0a with issues: users.jenkins.io "x-0" already exists
Finding issues in commit messages using git format
WARNING: No release found for devopsonazure/vote-** and tag v0.0.3 so creating a new release
Updated the release information at https://github.com/devopsonazure/vote-**/releases/tag/v0.0.3
generated: /workspace/source/charts/vote-**/templates/release.yaml
Created Release vote-**-0-0-3 resource in namespace **
Updating PipelineActivity devopsonazure-vote-**-master-2 with version 0.0.3
Updated PipelineActivities devopsonazure-vote-**-master-2 with release notes URL: https://github.com/devopsonazure/vote-**/releases/tag/v0.0.3

Showing logs for build [32mdevopsonazure-vote-jx-master-re-5zldc-2[0m stage [32mfrom-build-pack[0m and container [32mstep-promote-helm-release[0m
WARNING: No $CHART_REPOSITORY defined so using the default value of: http://jenkins-x-chartmuseum:8080
Adding missing Helm repo: storage.googleapis.com https://storage.googleapis.com/chartmuseum.jenkins-x.io
Successfully added Helm repository storage.googleapis.com.
Adding missing Helm repo: jenkins-x-chartmuseum http://jenkins-x-chartmuseum:8080
Successfully added Helm repository jenkins-x-chartmuseum.
WARNING: No $CHART_REPOSITORY defined so using the default value of: http://jenkins-x-chartmuseum:8080
Uploading chart file vote-**-0.0.3.tgz to http://jenkins-x-chartmuseum:8080/api/charts
Received 201 response: {"saved":true}

Showing logs for build [32mdevopsonazure-vote-jx-master-re-5zldc-2[0m stage [32mfrom-build-pack[0m and container [32mstep-promote-jx-promote[0m
WARNING: prow based install so skip waiting for the merge of Pull Requests to go green as currently there is an issue with gettingstatuses from the PR, see https://github.com/jenkins-x/**/issues/2410
WARNING: No $CHART_REPOSITORY defined so using the default value of: http://jenkins-x-chartmuseum:8080
Promoting app vote-** version 0.0.3 to namespace **-staging
Created Pull Request: https://github.com/devopsonazure/environment-**-staging/pull/4
Added label updatebot to Pull Request https://github.com/devopsonazure/environment-**-staging/pull/4
got git provider status pending from PR https://github.com/devopsonazure/environment-**-staging/pull/4
got git provider status pending from PR https://github.com/devopsonazure/environment-**-staging/pull/4
got git provider status pending from PR https://github.com/devopsonazure/environment-**-staging/pull/4
got git provider status pending from PR https://github.com/devopsonazure/environment-**-staging/pull/4
got git provider status pending from PR https://github.com/devopsonazure/environment-**-staging/pull/4
got git provider status pending from PR https://github.com/devopsonazure/environment-**-staging/pull/4
got git provider status pending from PR https://github.com/devopsonazure/environment-**-staging/pull/4
got git provider status pending from PR https://github.com/devopsonazure/environment-**-staging/pull/4
got git provider status pending from PR https://github.com/devopsonazure/environment-**-staging/pull/4
got git provider status pending from PR https://github.com/devopsonazure/environment-**-staging/pull/4
got git provider status pending from PR https://github.com/devopsonazure/environment-**-staging/pull/4
got git provider status pending from PR https://github.com/devopsonazure/environment-**-staging/pull/4
got git provider status pending from PR https://github.com/devopsonazure/environment-**-staging/pull/4
got git provider status pending from PR https://github.com/devopsonazure/environment-**-staging/pull/4
got git provider status pending from PR https://github.com/devopsonazure/environment-**-staging/pull/4
got git provider status pending from PR https://github.com/devopsonazure/environment-**-staging/pull/4
got git provider status pending from PR https://github.com/devopsonazure/environment-**-staging/pull/4
got git provider status pending from PR https://github.com/devopsonazure/environment-**-staging/pull/4
got git provider status pending from PR https://github.com/devopsonazure/environment-**-staging/pull/4
got git provider status pending from PR https://github.com/devopsonazure/environment-**-staging/pull/4
got git provider status pending from PR https://github.com/devopsonazure/environment-**-staging/pull/4
got git provider status pending from PR https://github.com/devopsonazure/environment-**-staging/pull/4
got git provider status pending from PR https://github.com/devopsonazure/environment-**-staging/pull/4
got git provider status pending from PR https://github.com/devopsonazure/environment-**-staging/pull/4
got git provider status pending from PR https://github.com/devopsonazure/environment-**-staging/pull/4
got git provider status pending from PR https://github.com/devopsonazure/environment-**-staging/pull/4
got git provider status pending from PR https://github.com/devopsonazure/environment-**-staging/pull/4
got git provider status pending from PR https://github.com/devopsonazure/environment-**-staging/pull/4
got git provider status pending from PR https://github.com/devopsonazure/environment-**-staging/pull/4
got git provider status pending from PR https://github.com/devopsonazure/environment-**-staging/pull/4
got git provider status pending from PR https://github.com/devopsonazure/environment-**-staging/pull/4
got git provider status pending from PR https://github.com/devopsonazure/environment-**-staging/pull/4
got git provider status pending from PR https://github.com/devopsonazure/environment-**-staging/pull/4
Pull Request https://github.com/devopsonazure/environment-**-staging/pull/4 is merged at sha d097145e0b59bf3c6b319a3939b8da88196daa14
Pull Request merged but we are not waiting for the update pipeline to complete!
