
Showing logs for build [32mdevopsonazure-vote-jx-master-re-rp59w-6[0m stage [32mfrom-build-pack[0m and container [32mstep-credential-initializer-h4pxt[0m
{"level":"info","ts":1594114299.498348,"logger":"fallback-logger","caller":"logging/config.go:69","msg":"Fetch GitHub commit ID from kodata failed: open /var/run/ko/refs/heads/0.8.0-ns-support: no such file or directory"}
{"level":"info","ts":1594114299.4987607,"logger":"fallback-logger","caller":"creds-init/main.go:40","msg":"Credentials initialized."}

Showing logs for build [32mdevopsonazure-vote-jx-master-re-rp59w-6[0m stage [32mfrom-build-pack[0m and container [32mstep-working-dir-initializer-kscl7[0m
{"level":"info","ts":1594114300.3878524,"logger":"fallback-logger","caller":"logging/config.go:69","msg":"Fetch GitHub commit ID from kodata failed: open /var/run/ko/HEAD: no such file or directory"}
{"level":"info","ts":1594114300.389466,"logger":"fallback-logger","caller":"bash/main.go:64","msg":"Successfully executed command \"sh -c mkdir -p /workspace/source\"; output "}

Showing logs for build [32mdevopsonazure-vote-jx-master-re-rp59w-6[0m stage [32mfrom-build-pack[0m and container [32mstep-place-tools[0m

Showing logs for build [32mdevopsonazure-vote-jx-master-re-rp59w-6[0m stage [32mfrom-build-pack[0m and container [32mstep-git-source-devopsonazure-vote-jx-master-re-rp59w-97775[0m
{"level":"info","ts":1594114307.4737635,"logger":"fallback-logger","caller":"logging/config.go:69","msg":"Fetch GitHub commit ID from kodata failed: open /var/run/ko/refs/heads/0.8.0-ns-support: no such file or directory"}
{"level":"info","ts":1594114310.0143626,"logger":"fallback-logger","caller":"git/git.go:103","msg":"Successfully cloned https://github.com/devopsonazure/vote-**.git @ v0.0.7 in path /workspace/source"}

Showing logs for build [32mdevopsonazure-vote-jx-master-re-rp59w-6[0m stage [32mfrom-build-pack[0m and container [32mstep-setup-builder-home[0m

Showing logs for build [32mdevopsonazure-vote-jx-master-re-rp59w-6[0m stage [32mfrom-build-pack[0m and container [32mstep-git-merge[0m
Using SHAs from PULL_REFS=master:83cacf607fa86e402f3ebb0dab3ee7106440204f
WARNING: no SHAs to merge, falling back to initial cloned commit

Showing logs for build [32mdevopsonazure-vote-jx-master-re-rp59w-6[0m stage [32mfrom-build-pack[0m and container [32mstep-setup-jx-git-credentials[0m
Generated Git credentials file /workspace/xdg_config/git/credentials

Showing logs for build [32mdevopsonazure-vote-jx-master-re-rp59w-6[0m stage [32mfrom-build-pack[0m and container [32mstep-build-python-unittest[0m

----------------------------------------------------------------------
Ran 0 tests in 0.000s

OK

Showing logs for build [32mdevopsonazure-vote-jx-master-re-rp59w-6[0m stage [32mfrom-build-pack[0m and container [32mstep-build-container-build[0m
E0707 09:31:52.386594      11 aws_credentials.go:77] while getting AWS credentials NoCredentialProviders: no valid providers in chain. Deprecated.
	For verbose messaging see aws.Config.CredentialsChainVerboseErrors
[36mINFO[0m[0000] Using dockerignore file: /workspace/source/.dockerignore 
[36mINFO[0m[0000] Retrieving image manifest tiangolo/uwsgi-nginx-flask:python3.6 
[36mINFO[0m[0003] Retrieving image manifest tiangolo/uwsgi-nginx-flask:python3.6 
[36mINFO[0m[0005] Built cross stage deps: map[]                
[36mINFO[0m[0005] Retrieving image manifest tiangolo/uwsgi-nginx-flask:python3.6 
[36mINFO[0m[0007] Retrieving image manifest tiangolo/uwsgi-nginx-flask:python3.6 
[36mINFO[0m[0009] Executing 0 build triggers                   
[36mINFO[0m[0009] Checking for cached layer aks**.azurecr.io/todo/cache:915585a6a5471f0329a7d672650b4a808925b4190c4b67377f8b10fff137bfc8... 
[36mINFO[0m[0009] Using caching version of cmd: RUN pip install redis 
[36mINFO[0m[0009] Using files from context: [/workspace/source/azure-vote] 
[36mINFO[0m[0009] Unpacking rootfs as cmd ADD /azure-vote /app requires it. 
[36mINFO[0m[0041] RUN pip install redis                        
[36mINFO[0m[0041] Found cached layer, extracting to filesystem 
[36mINFO[0m[0041] Using files from context: [/workspace/source/azure-vote] 
[36mINFO[0m[0041] ADD /azure-vote /app                         
[36mINFO[0m[0041] Resolving 7 paths                            
[36mINFO[0m[0041] Taking snapshot of files...                  

Showing logs for build [32mdevopsonazure-vote-jx-master-re-rp59w-6[0m stage [32mfrom-build-pack[0m and container [32mstep-build-post-build[0m
no CVE provider running in the current ** namespace so skip adding image to be analysed

Showing logs for build [32mdevopsonazure-vote-jx-master-re-rp59w-6[0m stage [32mfrom-build-pack[0m and container [32mstep-promote-changelog[0m
Converted /workspace/source/charts/vote-** to an unshallow repository
Generating change log from git ref 08d6b9777f41d2a2ec87f30167bd07522edd42c6 => 7404b66a3b908b3a04cef0084c047248d14a424b
WARNING: Failed to enrich commit 83cacf607fa86e402f3ebb0dab3ee7106440204f with issues: users.jenkins.io "x-0" already exists
WARNING: Failed to enrich commit 83cacf607fa86e402f3ebb0dab3ee7106440204f with issues: users.jenkins.io "x-0" already exists
Finding issues in commit messages using git format
WARNING: No release found for devopsonazure/vote-** and tag v0.0.7 so creating a new release
Updated the release information at https://github.com/devopsonazure/vote-**/releases/tag/v0.0.7
generated: /workspace/source/charts/vote-**/templates/release.yaml
Created Release vote-**-0-0-7 resource in namespace **
Updating PipelineActivity devopsonazure-vote-**-master-6 with version 0.0.7
Updated PipelineActivities devopsonazure-vote-**-master-6 with release notes URL: https://github.com/devopsonazure/vote-**/releases/tag/v0.0.7

Showing logs for build [32mdevopsonazure-vote-jx-master-re-rp59w-6[0m stage [32mfrom-build-pack[0m and container [32mstep-promote-helm-release[0m
WARNING: No $CHART_REPOSITORY defined so using the default value of: http://jenkins-x-chartmuseum:8080
Adding missing Helm repo: storage.googleapis.com https://storage.googleapis.com/chartmuseum.jenkins-x.io
Successfully added Helm repository storage.googleapis.com.
Adding missing Helm repo: jenkins-x-chartmuseum http://jenkins-x-chartmuseum:8080
Successfully added Helm repository jenkins-x-chartmuseum.
WARNING: No $CHART_REPOSITORY defined so using the default value of: http://jenkins-x-chartmuseum:8080
Uploading chart file vote-**-0.0.7.tgz to http://jenkins-x-chartmuseum:8080/api/charts
Received 201 response: {"saved":true}

Showing logs for build [32mdevopsonazure-vote-jx-master-re-rp59w-6[0m stage [32mfrom-build-pack[0m and container [32mstep-promote-jx-promote[0m
WARNING: prow based install so skip waiting for the merge of Pull Requests to go green as currently there is an issue with gettingstatuses from the PR, see https://github.com/jenkins-x/**/issues/2410
WARNING: No $CHART_REPOSITORY defined so using the default value of: http://jenkins-x-chartmuseum:8080
Promoting app vote-** version 0.0.7 to namespace **-staging
Created Pull Request: https://github.com/devopsonazure/environment-**-staging/pull/7
Added label updatebot to Pull Request https://github.com/devopsonazure/environment-**-staging/pull/7
got git provider status pending from PR https://github.com/devopsonazure/environment-**-staging/pull/7
got git provider status pending from PR https://github.com/devopsonazure/environment-**-staging/pull/7
got git provider status pending from PR https://github.com/devopsonazure/environment-**-staging/pull/7
Pull Request https://github.com/devopsonazure/environment-**-staging/pull/7 is merged at sha 40bc894b91dc4c8567f0d8edf6bee89dd0abd76a
Pull Request merged but we are not waiting for the update pipeline to complete!
